<?xml version="1.0" encoding="UTF-8"?>
<testsuite xmlns:xsi="http://www.w3.org/2001/XMLSchema-instance" xsi:noNamespaceSchemaLocation="https://maven.apache.org/surefire/maven-surefire-plugin/xsd/surefire-test-report.xsd" name="legacy.characterization.creator.TubeLatticeCreatorCharacterizationTest" time="0.058" tests="24" errors="0" skipped="1" failures="0">
  <properties>
[...]
</properties>
  <testcase name="testMatchesReferenceMesh" classname="legacy.characterization.creator.TubeLatticeCreatorCharacterizationTest" time="0.001"/>
  <testcase name="testCreatedMeshIsNotNullByDefault" classname="legacy.characterization.creator.TubeLatticeCreatorCharacterizationTest" time="0.002"/>
  <testcase name="testDefaultVertexCount" classname="legacy.characterization.creator.TubeLatticeCreatorCharacterizationTest" time="0.002"/>
  <testcase name="testVertexCountIsConsistent" classname="legacy.characterization.creator.TubeLatticeCreatorCharacterizationTest" time="0.003"/>
  <testcase name="testIsManifold" classname="legacy.characterization.creator.TubeLatticeCreatorCharacterizationTest" time="0.002"/>
  <testcase name="testDefaultFaceCount" classname="legacy.characterization.creator.TubeLatticeCreatorCharacterizationTest" time="0.002"/>
  <testcase name="testFacesReferenceValidVertices" classname="legacy.characterization.creator.TubeLatticeCreatorCharacterizationTest" time="0.002"/>
  <testcase name="testDefaultQuadCount" classname="legacy.characterization.creator.TubeLatticeCreatorCharacterizationTest" time="0.002"/>
  <testcase name="captureReferenceMesh" classname="legacy.characterization.creator.TubeLatticeCreatorCharacterizationTest" time="0">
    <skipped message="Used to (re)generate the reference mesh footprint"/>
  </testcase>
  <testcase name="testMeshHasNoLooseVertices" classname="legacy.characterization.creator.TubeLatticeCreatorCharacterizationTest" time="0.002"/>
  <testcase name="testImplementsMeshCreatorInstance" classname="legacy.characterization.creator.TubeLatticeCreatorCharacterizationTest" time="0.001"/>
  <testcase name="testMeshHasNoDuplicatedFaces" classname="legacy.characterization.creator.TubeLatticeCreatorCharacterizationTest" time="0.002"/>
  <testcase name="testCreatorDoesNotModifyFaceTags" classname="legacy.characterization.creator.TubeLatticeCreatorCharacterizationTest" time="0.001"/>
  <testcase name="testFaceDataIsNotSharedBetweenInstances" classname="legacy.characterization.creator.TubeLatticeCreatorCharacterizationTest" time="0.004"/>
  <testcase name="testVerticesContainNoNaNOrInfinity" classname="legacy.characterization.creator.TubeLatticeCreatorCharacterizationTest" time="0.003"/>
  <testcase name="testMeshHasValidBoundingBox" classname="legacy.characterization.creator.TubeLatticeCreatorCharacterizationTest" time="0.003"/>
  <testcase name="testCreatorDoesNotCalculateVertexNormals" classname="legacy.characterization.creator.TubeLatticeCreatorCharacterizationTest" time="0.002"/>
  <testcase name="testCreatesUniqueInstances" classname="legacy.characterization.creator.TubeLatticeCreatorCharacterizationTest" time="0.005"/>
  <testcase name="testVertexListIsNotEmpty" classname="legacy.characterization.creator.TubeLatticeCreatorCharacterizationTest" time="0.001"/>
  <testcase name="testVertexDataIsNotSharedBetweenInstances" classname="legacy.characterization.creator.TubeLatticeCreatorCharacterizationTest" time="0.005"/>
  <testcase name="testFaceNormalsAreNotInitializedByCreator" classname="legacy.characterization.creator.TubeLatticeCreatorCharacterizationTest" time="0.003"/>
  <testcase name="testVertexPositionsAreDeterministic" classname="legacy.characterization.creator.TubeLatticeCreatorCharacterizationTest" time="0.004"/>
  <testcase name="testDefaultTriangleCount" classname="legacy.characterization.creator.TubeLatticeCreatorCharacterizationTest" time="0.002"/>
  <testcase name="testFaceCountIsConsistent" classname="legacy.characterization.creator.TubeLatticeCreatorCharacterizationTest" time="0.003"/>
</testsuite>