<?xml version="1.0" encoding="UTF-8"?>
<testsuite xmlns:xsi="http://www.w3.org/2001/XMLSchema-instance" xsi:noNamespaceSchemaLocation="https://maven.apache.org/surefire/maven-surefire-plugin/xsd/surefire-test-report.xsd" name="math.Vector4fTest" time="0.042" tests="194" errors="0" skipped="0" failures="0">
  <properties>
[...]
</properties>
  <testcase name="testHashCodeWithNullValues" classname="math.Vector4fTest" time="0"/>
  <testcase name="testDivideByOne" classname="math.Vector4fTest" time="0"/>
  <testcase name="testMultiplyLocalByPositiveScalar" classname="math.Vector4fTest" time="0"/>
  <testcase name="testProjectOntoSameDirection" classname="math.Vector4fTest" time="0.001"/>
  <testcase name="testReflectXAxis" classname="math.Vector4fTest" time="0"/>
  <testcase name="testReflectYAxis" classname="math.Vector4fTest" time="0"/>
  <testcase name="testReflectZAxis" classname="math.Vector4fTest" time="0"/>
  <testcase name="testLengthZeroVector" classname="math.Vector4fTest" time="0"/>
  <testcase name="testIsEqualLargeTolerance" classname="math.Vector4fTest" time="0.001"/>
  <testcase name="testMultiplyByNegativeScalar" classname="math.Vector4fTest" time="0"/>
  <testcase name="testSubtractLocalNullVector" classname="math.Vector4fTest" time="0.001"/>
  <testcase name="testDistanceSquaredToWithNegativeComponents" classname="math.Vector4fTest" time="0.001"/>
  <testcase name="testLerpClampedWithNegativeT" classname="math.Vector4fTest" time="0"/>
  <testcase name="testMultiplyWithIdentityMatrix" classname="math.Vector4fTest" time="0.001"/>
  <testcase name="testDivideByW_createsNewInstance" classname="math.Vector4fTest" time="0"/>
  <testcase name="testCloneIsIndependentOfOriginal" classname="math.Vector4fTest" time="0.001"/>
  <testcase name="testReflectParallelToNormal" classname="math.Vector4fTest" time="0"/>
  <testcase name="testMultiplyLocalByFraction" classname="math.Vector4fTest" time="0"/>
  <testcase name="testNormalizeNegativeValues" classname="math.Vector4fTest" time="0"/>
  <testcase name="testNormalizeLocal" classname="math.Vector4fTest" time="0"/>
  <testcase name="testLerpClampedWithTZero" classname="math.Vector4fTest" time="0.001"/>
  <testcase name="testHashCodeInequality" classname="math.Vector4fTest" time="0"/>
  <testcase name="testLerpUnclampedWithIdenticalStartAndEnd" classname="math.Vector4fTest" time="0"/>
  <testcase name="testReflectCreatesNewInstanceAndDoesNotChangeOriginalVectorAndInputNormal" classname="math.Vector4fTest" time="0"/>
  <testcase name="testDivideByZero" classname="math.Vector4fTest" time="0.002"/>
  <testcase name="testCopyConstructor" classname="math.Vector4fTest" time="0"/>
  <testcase name="testDivideByW_wIsZero" classname="math.Vector4fTest" time="0.001"/>
  <testcase name="testDivideShouldNotModifyOriginalVector" classname="math.Vector4fTest" time="0"/>
  <testcase name="testDistanceToWithZeroVector" classname="math.Vector4fTest" time="0"/>
  <testcase name="testDistanceToItself" classname="math.Vector4fTest" time="0"/>
  <testcase name="testIsZeroWithAllNonZeroComponents" classname="math.Vector4fTest" time="0"/>
  <testcase name="testAngleBetweenWithDifferentAngles" classname="math.Vector4fTest" time="0.001"/>
  <testcase name="testNormalizeMixedValues" classname="math.Vector4fTest" time="0"/>
  <testcase name="testToStringLargeValues" classname="math.Vector4fTest" time="0.008"/>
  <testcase name="testDistanceToWithNullOtherVector" classname="math.Vector4fTest" time="0.001"/>
  <testcase name="testLengthSquared" classname="math.Vector4fTest" time="0"/>
  <testcase name="testProjectOntoReturnsNewInstanceAndLeavesOriginalUntouched" classname="math.Vector4fTest" time="0"/>
  <testcase name="testNegateLocalWithMixedValues" classname="math.Vector4fTest" time="0"/>
  <testcase name="testToStringNegativeValues" classname="math.Vector4fTest" time="0.001"/>
  <testcase name="testSetUpdatesVector" classname="math.Vector4fTest" time="0"/>
  <testcase name="testCloneCreatesNewInstance" classname="math.Vector4fTest" time="0"/>
  <testcase name="testDotProductWithDifferentMagnitudeVectors" classname="math.Vector4fTest" time="0"/>
  <testcase name="testSubtractShouldNotModifyOriginalVectorWhenSubtractingZeroVector" classname="math.Vector4fTest" time="0"/>
  <testcase name="testNegateWithMixedValues" classname="math.Vector4fTest" time="0"/>
  <testcase name="testProjectOntoPerpendicularVectors" classname="math.Vector4fTest" time="0"/>
  <testcase name="testAddLocalValidVector" classname="math.Vector4fTest" time="0.001"/>
  <testcase name="testDivideByWLocal_throwsArithmeticException_whenWIsZero" classname="math.Vector4fTest" time="0"/>
  <testcase name="testAddShouldNotModifyOriginalVector" classname="math.Vector4fTest" time="0"/>
  <testcase name="testLengthSquaredNegativeValues" classname="math.Vector4fTest" time="0"/>
  <testcase name="testNormalizeUnitVector" classname="math.Vector4fTest" time="0"/>
  <testcase name="testParameterizedConstructor" classname="math.Vector4fTest" time="0"/>
  <testcase name="testIsEqualWithinTolerance" classname="math.Vector4fTest" time="0"/>
  <testcase name="testLerpClampedReturnsNewInstanceAndOriginalVectorsUntouched" classname="math.Vector4fTest" time="0"/>
  <testcase name="testToVector3fZeroValues" classname="math.Vector4fTest" time="0"/>
  <testcase name="testIsZeroWithMixedNonZeroValues" classname="math.Vector4fTest" time="0"/>
  <testcase name="testAddShouldNotModifyOtherVectorWhenAddingNonZeroVector" classname="math.Vector4fTest" time="0"/>
  <testcase name="testNegateLocalWithNegativeValues" classname="math.Vector4fTest" time="0"/>
  <testcase name="testIsEqualNaN" classname="math.Vector4fTest" time="0"/>
  <testcase name="testMultiplyLocalByZero" classname="math.Vector4fTest" time="0"/>
  <testcase name="testLerpUnclampedWithNegativeT" classname="math.Vector4fTest" time="0"/>
  <testcase name="testReflectAlongZeroVector" classname="math.Vector4fTest" time="0"/>
  <testcase name="testLengthSquaredUnitVector" classname="math.Vector4fTest" time="0.001"/>
  <testcase name="testSubtractLocalZeroVector" classname="math.Vector4fTest" time="0"/>
  <testcase name="testNormalizeLocalNegativeValues" classname="math.Vector4fTest" time="0"/>
  <testcase name="testLengthSquaredMixedValues" classname="math.Vector4fTest" time="0"/>
  <testcase name="testSubtractLocalValidVector" classname="math.Vector4fTest" time="0"/>
  <testcase name="testToStringSmallValues" classname="math.Vector4fTest" time="0"/>
  <testcase name="testDistanceSquaredToWithZeroVector" classname="math.Vector4fTest" time="0"/>
  <testcase name="testDivideLocalWithNegativeFraction" classname="math.Vector4fTest" time="0"/>
  <testcase name="testDistanceToWithNegativeComponents" classname="math.Vector4fTest" time="0.001"/>
  <testcase name="testNormalizeLocalUnitVector" classname="math.Vector4fTest" time="0"/>
  <testcase name="testDivideLocalByNegativeScalar" classname="math.Vector4fTest" time="0"/>
  <testcase name="testLerpUnclampedWithHalfwayT" classname="math.Vector4fTest" time="0"/>
  <testcase name="testDivideByWLocal_updatesOriginalVector" classname="math.Vector4fTest" time="0"/>
  <testcase name="testEqualsDifferentTypes" classname="math.Vector4fTest" time="0"/>
  <testcase name="testNegateLocal" classname="math.Vector4fTest" time="0"/>
  <testcase name="testNegateTwice" classname="math.Vector4fTest" time="0"/>
  <testcase name="testToStringBasic" classname="math.Vector4fTest" time="0.001"/>
  <testcase name="testLerpClampedWithHalfwayT" classname="math.Vector4fTest" time="0"/>
  <testcase name="testLengthMixedValues" classname="math.Vector4fTest" time="0"/>
  <testcase name="testNormalizeZeroVector" classname="math.Vector4fTest" time="0"/>
  <testcase name="testNegateLocalWithZero" classname="math.Vector4fTest" time="0"/>
  <testcase name="testAngleBetweenWithNullVector" classname="math.Vector4fTest" time="0.001"/>
  <testcase name="testAddNullVector" classname="math.Vector4fTest" time="0"/>
  <testcase name="testAddLocalShouldNotModifyOtherVector" classname="math.Vector4fTest" time="0"/>
  <testcase name="testHashCodeConsistency" classname="math.Vector4fTest" time="0"/>
  <testcase name="testIsEqualWithSelf" classname="math.Vector4fTest" time="0"/>
  <testcase name="testEqualsNull" classname="math.Vector4fTest" time="0"/>
  <testcase name="testDistanceToWithValidInput" classname="math.Vector4fTest" time="0.001"/>
  <testcase name="testMultiplyShouldNotModifyOriginalVector" classname="math.Vector4fTest" time="0"/>
  <testcase name="testLerpUnclampedWithTOne" classname="math.Vector4fTest" time="0"/>
  <testcase name="testMultiplyByZero" classname="math.Vector4fTest" time="0"/>
  <testcase name="testDivideLocalByPositiveScalar" classname="math.Vector4fTest" time="0"/>
  <testcase name="testCloneCreatesIdenticalVector" classname="math.Vector4fTest" time="0"/>
  <testcase name="testDotProductWithParallelVectors" classname="math.Vector4fTest" time="0"/>
  <testcase name="testLengthSquaredZeroVector" classname="math.Vector4fTest" time="0"/>
  <testcase name="testReflectArbitraryNormal" classname="math.Vector4fTest" time="0"/>
  <testcase name="testSubtractLocalShouldNotModifyOtherVector" classname="math.Vector4fTest" time="0.001"/>
  <testcase name="testReflectAlongNullVectorThrowsIllegalArgumentException" classname="math.Vector4fTest" time="0"/>
  <testcase name="testLerpUnclampedWithOverOneT" classname="math.Vector4fTest" time="0"/>
  <testcase name="testIsEqualExceedsTolerance" classname="math.Vector4fTest" time="0"/>
  <testcase name="testNormalizeLocalZeroVector" classname="math.Vector4fTest" time="0"/>
  <testcase name="testLerpClampedWithOverOneT" classname="math.Vector4fTest" time="0"/>
  <testcase name="testDotProductWithSameVector" classname="math.Vector4fTest" time="0"/>
  <testcase name="testIsZeroWithNonZeroVector" classname="math.Vector4fTest" time="0"/>
  <testcase name="testProjectOntoNullThrowsIllegalArgumentException" classname="math.Vector4fTest" time="0"/>
  <testcase name="testSubtractShouldNotModifyOriginalVector" classname="math.Vector4fTest" time="0"/>
  <testcase name="testEqualsWithEpsilonTolerance" classname="math.Vector4fTest" time="0"/>
  <testcase name="testSubtractShouldNotModifyOtherVectorWhenSubtractingNonZeroVector" classname="math.Vector4fTest" time="0"/>
  <testcase name="testDivideByFraction" classname="math.Vector4fTest" time="0"/>
  <testcase name="testEqualsIdenticalVectors" classname="math.Vector4fTest" time="0.001"/>
  <testcase name="testIsZeroWithZeroVector" classname="math.Vector4fTest" time="0"/>
  <testcase name="testDistanceSquaredToWithValidInput" classname="math.Vector4fTest" time="0"/>
  <testcase name="testDotProductWithZeroVector" classname="math.Vector4fTest" time="0"/>
  <testcase name="testAngleBetweenWithSameDirection" classname="math.Vector4fTest" time="0"/>
  <testcase name="testIsZeroWithNegativeValues" classname="math.Vector4fTest" time="0"/>
  <testcase name="testMultiplyWithScalingMatrix" classname="math.Vector4fTest" time="0"/>
  <testcase name="testNormalizeLocalMixedValues" classname="math.Vector4fTest" time="0"/>
  <testcase name="testLengthSquaredLargeValues" classname="math.Vector4fTest" time="0"/>
  <testcase name="testIsEqualNegativeInfinity" classname="math.Vector4fTest" time="0.001"/>
  <testcase name="testAngleBetweenWithZeroVector" classname="math.Vector4fTest" time="0"/>
  <testcase name="testDivideLocalByFraction" classname="math.Vector4fTest" time="0"/>
  <testcase name="testAddZeroVector" classname="math.Vector4fTest" time="0"/>
  <testcase name="testDotProductWithNull" classname="math.Vector4fTest" time="0"/>
  <testcase name="testLerpUnclampedWithNullThrowsException" classname="math.Vector4fTest" time="0.002"/>
  <testcase name="testSetWithNegativeValues" classname="math.Vector4fTest" time="0"/>
  <testcase name="testMultiplyValidScalar" classname="math.Vector4fTest" time="0"/>
  <testcase name="testReflectAlongItself" classname="math.Vector4fTest" time="0"/>
  <testcase name="testSubtractNullVector" classname="math.Vector4fTest" time="0.001"/>
  <testcase name="testMultiplyWithZeroMatrix" classname="math.Vector4fTest" time="0"/>
  <testcase name="testAngleBetweenWithOppositeDirection" classname="math.Vector4fTest" time="0"/>
  <testcase name="testHashCodeWithSlightlyDifferentVectors" classname="math.Vector4fTest" time="0"/>
  <testcase name="testSetSameValues" classname="math.Vector4fTest" time="0"/>
  <testcase name="testDivideLocalByOne" classname="math.Vector4fTest" time="0.001"/>
  <testcase name="testDivideByWLocal_doesNotCreateNewInstance" classname="math.Vector4fTest" time="0"/>
  <testcase name="testEqualsSameObject" classname="math.Vector4fTest" time="0"/>
  <testcase name="testIsEqualWithNullVector" classname="math.Vector4fTest" time="0"/>
  <testcase name="testDistanceSquaredToWithNullOtherVector" classname="math.Vector4fTest" time="0"/>
  <testcase name="testNormalizeDoesNotAlterOriginalVector" classname="math.Vector4fTest" time="0.001"/>
  <testcase name="testNormalize" classname="math.Vector4fTest" time="0"/>
  <testcase name="testAddLocalNullVector" classname="math.Vector4fTest" time="0"/>
  <testcase name="testDivideByW_validW" classname="math.Vector4fTest" time="0"/>
  <testcase name="testLerpClampedWithTOne" classname="math.Vector4fTest" time="0"/>
  <testcase name="testDotProductWithOrthogonalVectors" classname="math.Vector4fTest" time="0"/>
  <testcase name="testMultiplyWithZeroVector" classname="math.Vector4fTest" time="0"/>
  <testcase name="testCopyConstructorIndependence" classname="math.Vector4fTest" time="0"/>
  <testcase name="testLengthLargeValues" classname="math.Vector4fTest" time="0"/>
  <testcase name="testProjectOntoNonUnitVector" classname="math.Vector4fTest" time="0"/>
  <testcase name="testSubtractValidVector" classname="math.Vector4fTest" time="0"/>
  <testcase name="testDistanceSquaredToItself" classname="math.Vector4fTest" time="0"/>
  <testcase name="testLerpClampedWithIdenticalStartAndEnd" classname="math.Vector4fTest" time="0"/>
  <testcase name="testAddShouldNotModifyOriginalVectorWhenAddingZeroVector" classname="math.Vector4fTest" time="0"/>
  <testcase name="testLerpUnclampedWithTZero" classname="math.Vector4fTest" time="0"/>
  <testcase name="testToVector3f" classname="math.Vector4fTest" time="0"/>
  <testcase name="testMultiplyWithTranslationMatrix" classname="math.Vector4fTest" time="0"/>
  <testcase name="testToStringZeroValues" classname="math.Vector4fTest" time="0"/>
  <testcase name="testSetToZero" classname="math.Vector4fTest" time="0.001"/>
  <testcase name="testAngleBetweenWithValidVectors" classname="math.Vector4fTest" time="0"/>
  <testcase name="testDotProductWithNegativeValues" classname="math.Vector4fTest" time="0"/>
  <testcase name="testToStringEmptyVector" classname="math.Vector4fTest" time="0"/>
  <testcase name="testSetAndGetW" classname="math.Vector4fTest" time="0"/>
  <testcase name="testSetAndGetX" classname="math.Vector4fTest" time="0"/>
  <testcase name="testSetAndGetY" classname="math.Vector4fTest" time="0"/>
  <testcase name="testSetAndGetZ" classname="math.Vector4fTest" time="0"/>
  <testcase name="testIsEqualWithVerySmallTolerance" classname="math.Vector4fTest" time="0"/>
  <testcase name="testDivideByNegativeScalar" classname="math.Vector4fTest" time="0"/>
  <testcase name="testEqualsDifferentVectors" classname="math.Vector4fTest" time="0"/>
  <testcase name="testLength" classname="math.Vector4fTest" time="0"/>
  <testcase name="testLengthUnitVector" classname="math.Vector4fTest" time="0"/>
  <testcase name="testNegateWithZero" classname="math.Vector4fTest" time="0"/>
  <testcase name="testMultiplyWithRotationMatrix" classname="math.Vector4fTest" time="0"/>
  <testcase name="testNegate" classname="math.Vector4fTest" time="0"/>
  <testcase name="testDivideLocalByZero" classname="math.Vector4fTest" time="0"/>
  <testcase name="testSetWithLargeValues" classname="math.Vector4fTest" time="0"/>
  <testcase name="testLerpClampedWithNullThrowsException" classname="math.Vector4fTest" time="0"/>
  <testcase name="testNegateLocalTwice" classname="math.Vector4fTest" time="0.001"/>
  <testcase name="testLerpUnclampedReturnsNewInstanceAndOriginalVectorsUntouched" classname="math.Vector4fTest" time="0"/>
  <testcase name="testNegateWithNegativeValues" classname="math.Vector4fTest" time="0"/>
  <testcase name="testSubtractZeroVector" classname="math.Vector4fTest" time="0"/>
  <testcase name="testProjectOntoNonZeroVector" classname="math.Vector4fTest" time="0"/>
  <testcase name="testMultiplyLocalByOne" classname="math.Vector4fTest" time="0"/>
  <testcase name="testMultiplyLocalByNegativeScalar" classname="math.Vector4fTest" time="0"/>
  <testcase name="testLengthNegativeValues" classname="math.Vector4fTest" time="0"/>
  <testcase name="testDivideByW_wIsNegative" classname="math.Vector4fTest" time="0"/>
  <testcase name="testToVector3fNegativeValues" classname="math.Vector4fTest" time="0"/>
  <testcase name="testDivideByPositiveScalar" classname="math.Vector4fTest" time="0"/>
  <testcase name="testProjectOntoZeroVector" classname="math.Vector4fTest" time="0"/>
  <testcase name="testIsEqualNegativeTolerance" classname="math.Vector4fTest" time="0"/>
  <testcase name="testHashCodeEquality" classname="math.Vector4fTest" time="0"/>
  <testcase name="testAddLocalZeroVector" classname="math.Vector4fTest" time="0"/>
  <testcase name="testIsEqualPositiveInfinity" classname="math.Vector4fTest" time="0"/>
  <testcase name="testAddValidVector" classname="math.Vector4fTest" time="0"/>
  <testcase name="testDefaultConstructor" classname="math.Vector4fTest" time="0"/>
  <testcase name="testIsEqualExactMatch" classname="math.Vector4fTest" time="0"/>
</testsuite>